# JRE version: Java(TM) SE Runtime Environment (8.0_191-b12) (build 1.8.0_191-b12)
# Java VM: Java HotSpot(TM) Client VM (25.191-b12 mixed mode windows-x86 )
Heap:
 def new generation   total 39424K, used 39424K [0x04600000, 0x070c0000, 0x0f0a0000)
  eden space 35072K, 100% used [0x04600000, 0x06840000, 0x06840000)
  from space 4352K, 100% used [0x06c80000, 0x070c0000, 0x070c0000)
  to   space 4352K,  35% used [0x06840000, 0x069bfab0, 0x06c80000)
 tenured generation   total 87424K, used 43089K [0x0f0a0000, 0x14600000, 0x24600000)
   the space 87424K,  49% used [0x0f0a0000, 0x11ab4458, 0x11ab4600, 0x14600000)
 Metaspace       used 17674K, capacity 18101K, committed 18176K, reserved 18816K
GC Heap History (10 events):
Event: 0.590 GC heap after
Heap after GC invocations=1 (full 0):
 def new generation   total 39296K, used 4352K [0x04600000, 0x070a0000, 0x0f0a0000)
  eden space 34944K,   0% used [0x04600000, 0x04600000, 0x06820000)
  from space 4352K, 100% used [0x06c60000, 0x070a0000, 0x070a0000)
  to   space 4352K,   0% used [0x06820000, 0x06820000, 0x06c60000)
 tenured generation   total 87424K, used 2894K [0x0f0a0000, 0x14600000, 0x24600000)
   the space 87424K,   3% used [0x0f0a0000, 0x0f373870, 0x0f373a00, 0x14600000)
 Metaspace       used 10141K, capacity 10325K, committed 10368K, reserved 10624K
}
Event: 0.871 GC heap before
{Heap before GC invocations=1 (full 0):
 def new generation   total 39296K, used 39296K [0x04600000, 0x070a0000, 0x0f0a0000)
  eden space 34944K, 100% used [0x04600000, 0x06820000, 0x06820000)
  from space 4352K, 100% used [0x06c60000, 0x070a0000, 0x070a0000)
  to   space 4352K,   0% used [0x06820000, 0x06820000, 0x06c60000)
 tenured generation   total 87424K, used 2894K [0x0f0a0000, 0x14600000, 0x24600000)
   the space 87424K,   3% used [0x0f0a0000, 0x0f373870, 0x0f373a00, 0x14600000)
 Metaspace       used 11462K, capacity 11820K, committed 11904K, reserved 12672K
Event: 0.886 GC heap after
Heap after GC invocations=2 (full 0):
 def new generation   total 39296K, used 4352K [0x04600000, 0x070a0000, 0x0f0a0000)
  eden space 34944K,   0% used [0x04600000, 0x04600000, 0x06820000)
  from space 4352K, 100% used [0x06820000, 0x06c60000, 0x06c60000)
  to   space 4352K,   0% used [0x06c60000, 0x06c60000, 0x070a0000)
 tenured generation   total 87424K, used 7185K [0x0f0a0000, 0x14600000, 0x24600000)
   the space 87424K,   8% used [0x0f0a0000, 0x0f7a4600, 0x0f7a4600, 0x14600000)
 Metaspace       used 11462K, capacity 11820K, committed 11904K, reserved 12672K
}
Event: 0.979 GC heap before
{Heap before GC invocations=2 (full 0):
 def new generation   total 39296K, used 39273K [0x04600000, 0x070a0000, 0x0f0a0000)
  eden space 34944K,  99% used [0x04600000, 0x0681a658, 0x06820000)
  from space 4352K, 100% used [0x06820000, 0x06c60000, 0x06c60000)
  to   space 4352K,   0% used [0x06c60000, 0x06c60000, 0x070a0000)
 tenured generation   total 87424K, used 7185K [0x0f0a0000, 0x14600000, 0x24600000)
   the space 87424K,   8% used [0x0f0a0000, 0x0f7a4600, 0x0f7a4600, 0x14600000)
 Metaspace       used 11537K, capacity 11924K, committed 12032K, reserved 12672K
Event: 1.029 GC heap after
Heap after GC invocations=3 (full 0):
 def new generation   total 39296K, used 4351K [0x04600000, 0x070a0000, 0x0f0a0000)
  eden space 34944K,   0% used [0x04600000, 0x04600000, 0x06820000)
  from space 4352K,  99% used [0x06c60000, 0x0709fff8, 0x070a0000)
  to   space 4352K,   0% used [0x06820000, 0x06820000, 0x06c60000)
 tenured generation   total 87424K, used 36842K [0x0f0a0000, 0x14600000, 0x24600000)
   the space 87424K,  42% used [0x0f0a0000, 0x1149ab20, 0x1149ac00, 0x14600000)
 Metaspace       used 11537K, capacity 11924K, committed 12032K, reserved 12672K
}
Event: 1.058 GC heap before
{Heap before GC invocations=3 (full 0):
 def new generation   total 39296K, used 9266K [0x04600000, 0x070a0000, 0x0f0a0000)
  eden space 34944K,  14% used [0x04600000, 0x04acc998, 0x06820000)
  from space 4352K,  99% used [0x06c60000, 0x0709fff8, 0x070a0000)
  to   space 4352K,   0% used [0x06820000, 0x06820000, 0x06c60000)
 tenured generation   total 87424K, used 36842K [0x0f0a0000, 0x14600000, 0x24600000)
   the space 87424K,  42% used [0x0f0a0000, 0x1149ab20, 0x1149ac00, 0x14600000)
 Metaspace       used 11896K, capacity 12276K, committed 12288K, reserved 12672K
Event: 1.098 GC heap after
Heap after GC invocations=4 (full 1):
 def new generation   total 39424K, used 0K [0x04600000, 0x070c0000, 0x0f0a0000)
  eden space 35072K,   0% used [0x04600000, 0x04600000, 0x06840000)
  from space 4352K,   0% used [0x06840000, 0x06840000, 0x06c80000)
  to   space 4352K,   0% used [0x06c80000, 0x06c80000, 0x070c0000)
 tenured generation   total 87424K, used 41572K [0x0f0a0000, 0x14600000, 0x24600000)
   the space 87424K,  47% used [0x0f0a0000, 0x11939370, 0x11939400, 0x14600000)
 Metaspace       used 11896K, capacity 12276K, committed 12288K, reserved 12672K
}
Event: 1.455 GC heap before
{Heap before GC invocations=4 (full 1):
 def new generation   total 39424K, used 35072K [0x04600000, 0x070c0000, 0x0f0a0000)
  eden space 35072K, 100% used [0x04600000, 0x06840000, 0x06840000)
  from space 4352K,   0% used [0x06840000, 0x06840000, 0x06c80000)
  to   space 4352K,   0% used [0x06c80000, 0x06c80000, 0x070c0000)
 tenured generation   total 87424K, used 41572K [0x0f0a0000, 0x14600000, 0x24600000)
   the space 87424K,  47% used [0x0f0a0000, 0x11939370, 0x11939400, 0x14600000)
 Metaspace       used 16692K, capacity 17116K, committed 17280K, reserved 17792K
Event: 1.464 GC heap after
Heap after GC invocations=5 (full 1):
 def new generation   total 39424K, used 4352K [0x04600000, 0x070c0000, 0x0f0a0000)
  eden space 35072K,   0% used [0x04600000, 0x04600000, 0x06840000)
  from space 4352K, 100% used [0x06c80000, 0x070c0000, 0x070c0000)
  to   space 4352K,   0% used [0x06840000, 0x06840000, 0x06c80000)
 tenured generation   total 87424K, used 42358K [0x0f0a0000, 0x14600000, 0x24600000)
   the space 87424K,  48% used [0x0f0a0000, 0x119fd9a8, 0x119fda00, 0x14600000)
 Metaspace       used 16692K, capacity 17116K, committed 17280K, reserved 17792K
}
Event: 1.830 GC heap before
{Heap before GC invocations=5 (full 1):
 def new generation   total 39424K, used 39424K [0x04600000, 0x070c0000, 0x0f0a0000)
  eden space 35072K, 100% used [0x04600000, 0x06840000, 0x06840000)
  from space 4352K, 100% used [0x06c80000, 0x070c0000, 0x070c0000)
  to   space 4352K,   0% used [0x06840000, 0x06840000, 0x06c80000)
 tenured generation   total 87424K, used 42358K [0x0f0a0000, 0x14600000, 0x24600000)
   the space 87424K,  48% used [0x0f0a0000, 0x119fd9a8, 0x119fda00, 0x14600000)
 Metaspace       used 17674K, capacity 18101K, committed 18176K, reserved 18816K

